[debug] [2024-11-16T16:26:46.694Z] ----------------------------------------------------------------------
[debug] [2024-11-16T16:26:46.696Z] Command:       C:\Program Files\nodejs\node.exe C:\Users\goyal\AppData\Roaming\npm\node_modules\firebase-tools\lib\bin\firebase.js init
[debug] [2024-11-16T16:26:46.696Z] CLI Version:   13.25.0
[debug] [2024-11-16T16:26:46.696Z] Platform:      win32
[debug] [2024-11-16T16:26:46.696Z] Node Version:  v20.18.0
[debug] [2024-11-16T16:26:46.696Z] Time:          Sat Nov 16 2024 21:56:46 GMT+0530 (India Standard Time)
[debug] [2024-11-16T16:26:46.696Z] ----------------------------------------------------------------------
[debug] 
[debug] [2024-11-16T16:26:46.701Z] > command requires scopes: ["email","openid","https://www.googleapis.com/auth/cloudplatformprojects.readonly","https://www.googleapis.com/auth/firebase","https://www.googleapis.com/auth/cloud-platform"]
[debug] [2024-11-16T16:26:46.701Z] > authorizing via signed-in user (mechswap09@gmail.com)
[info] 
     ######## #### ########  ######## ########     ###     ######  ########
     ##        ##  ##     ## ##       ##     ##  ##   ##  ##       ##
     ######    ##  ########  ######   ########  #########  ######  ######
     ##        ##  ##    ##  ##       ##     ## ##     ##       ## ##
     ##       #### ##     ## ######## ########  ##     ##  ######  ########

You're about to initialize a Firebase project in this directory:

  C:\Users\goyal\OneDrive\Desktop\mechswapcode

[info] 
=== Project Setup
[info] 
[info] First, let's associate this project directory with a Firebase project.
[info] You can create multiple project aliases by running firebase use --add, 
[info] but for now we'll just set up a default project.
[info] 
[debug] [2024-11-16T16:29:55.124Z] Checked if tokens are valid: true, expires at: 1731777987730
[debug] [2024-11-16T16:29:55.124Z] Checked if tokens are valid: true, expires at: 1731777987730
[debug] [2024-11-16T16:29:55.126Z] >>> [apiv2][query] GET https://firebase.googleapis.com/v1beta1/projects pageSize=100
[debug] [2024-11-16T16:29:55.940Z] <<< [apiv2][status] GET https://firebase.googleapis.com/v1beta1/projects 200
[debug] [2024-11-16T16:29:55.940Z] <<< [apiv2][body] GET https://firebase.googleapis.com/v1beta1/projects [omitted]
[info] i  Using project mechswap-9492c (MechSwap) 
[info] 
=== Hosting Setup
[debug] [2024-11-16T16:29:57.125Z] Checked if tokens are valid: true, expires at: 1731777987730
[debug] [2024-11-16T16:29:57.125Z] Checked if tokens are valid: true, expires at: 1731777987730
[debug] [2024-11-16T16:29:57.125Z] >>> [apiv2][query] GET https://firebase.googleapis.com/v1beta1/projects/mechswap-9492c [none]
[debug] [2024-11-16T16:29:57.503Z] <<< [apiv2][status] GET https://firebase.googleapis.com/v1beta1/projects/mechswap-9492c 200
[debug] [2024-11-16T16:29:57.504Z] <<< [apiv2][body] GET https://firebase.googleapis.com/v1beta1/projects/mechswap-9492c {"projectId":"mechswap-9492c","projectNumber":"730371307291","displayName":"MechSwap","name":"projects/mechswap-9492c","resources":{"hostingSite":"mechswap-9492c"},"state":"ACTIVE","etag":"1_882b3104-cac3-44ca-babb-3b9042dfb551"}
[info] 
[info] Your public directory is the folder (relative to your project directory) that
[info] will contain Hosting assets to be uploaded with firebase deploy. If you
[info] have a build process for your assets, use your build's output directory.
[info] 
[debug] [2024-11-16T16:31:01.816Z] >>> [apiv2][query] GET https://www.gstatic.com/firebasejs/releases.json [none]
[debug] [2024-11-16T16:31:01.960Z] <<< [apiv2][status] GET https://www.gstatic.com/firebasejs/releases.json 200
[debug] [2024-11-16T16:31:01.960Z] <<< [apiv2][body] GET https://www.gstatic.com/firebasejs/releases.json {"current":{"version":"11.0.2","browserURL":"https://www.gstatic.com/firebasejs/11.0.2/firebase.js","packageURL":"https://www.gstatic.com/firebasejs/11.0.2/firebase.tgz"},"live":{"version":"11.0","browserURL":"https://www.gstatic.com/firebasejs/live/11.0/firebase.js","packageURL":"https://www.gstatic.com/firebasejs/live/11.0/firebase.tgz"},"components":{"analytics":"https://www.gstatic.com/firebasejs/11.0.2/firebase-analytics.js","app":"https://www.gstatic.com/firebasejs/11.0.2/firebase-app.js","app-check":"https://www.gstatic.com/firebasejs/11.0.2/firebase-app-check.js","auth":"https://www.gstatic.com/firebasejs/11.0.2/firebase-auth.js","auth/cordova":"https://www.gstatic.com/firebasejs/11.0.2/firebase-auth/cordova.js","auth/web-extension":"https://www.gstatic.com/firebasejs/11.0.2/firebase-auth/web-extension.js","functions":"https://www.gstatic.com/firebasejs/11.0.2/firebase-functions.js","firestore":"https://www.gstatic.com/firebasejs/11.0.2/firebase-firestore.js","firestore/lite":"https://www.gstatic.com/firebasejs/11.0.2/firebase-firestore/lite.js","installations":"https://www.gstatic.com/firebasejs/11.0.2/firebase-installations.js","storage":"https://www.gstatic.com/firebasejs/11.0.2/firebase-storage.js","performance":"https://www.gstatic.com/firebasejs/11.0.2/firebase-performance.js","remote-config":"https://www.gstatic.com/firebasejs/11.0.2/firebase-remote-config.js","messaging":"https://www.gstatic.com/firebasejs/11.0.2/firebase-messaging.js","messaging/sw":"https://www.gstatic.com/firebasejs/11.0.2/firebase-messaging/sw.js","database":"https://www.gstatic.com/firebasejs/11.0.2/firebase-database.js","vertexai":"https://www.gstatic.com/firebasejs/11.0.2/firebase-vertexai.js","data-connect":"https://www.gstatic.com/firebasejs/11.0.2/firebase-data-connect.js","firestore.memory":"https://www.gstatic.com/firebasejs/11.0.2/firebase-firestore.memory.js"}}
[info] +  Wrote public/index.html 
[info] 
[info] i  Didn't detect a .git folder. Assuming C:\Users\goyal\OneDrive\Desktop\mechswapcode is the project root. 
[info] i  Authorizing with GitHub to upload your service account to a GitHub repository's secrets store. 
[info] 
[info] Visit this URL on this device to log in:
[info] https://github.com/login/oauth/authorize?client_id=89cf50f02ac6aaed3484&state=364556980&redirect_uri=http%3A%2F%2Flocalhost%3A9005&scope=read%3Auser%20repo%20public_repo
[info] 
[info] Waiting for authentication...
